Determining if the function wsyncup exists in the /usr/lib/x86_64-linux-gnu/libcurses.so passed with the following output:
Change Dir: /home/zachary/oss/labs/lab-08/build/Source/Checks/Curses-build/CMakeFiles/CMakeTmp

Run Build Command(s):/usr/bin/make cmTC_56ae9/fast && /usr/bin/make -f CMakeFiles/cmTC_56ae9.dir/build.make CMakeFiles/cmTC_56ae9.dir/build
make[1]: Entering directory '/home/zachary/oss/labs/lab-08/build/Source/Checks/Curses-build/CMakeFiles/CMakeTmp'
Building C object CMakeFiles/cmTC_56ae9.dir/CheckFunctionExists.c.o
/usr/bin/cc   -DCHECK_FUNCTION_EXISTS=wsyncup   -o CMakeFiles/cmTC_56ae9.dir/CheckFunctionExists.c.o   -c /usr/share/cmake-3.16/Modules/CheckFunctionExists.c
Linking C executable cmTC_56ae9
/usr/bin/cmake -E cmake_link_script CMakeFiles/cmTC_56ae9.dir/link.txt --verbose=1
/usr/bin/cc  -DCHECK_FUNCTION_EXISTS=wsyncup    -rdynamic CMakeFiles/cmTC_56ae9.dir/CheckFunctionExists.c.o  -o cmTC_56ae9  -lcurses 
make[1]: Leaving directory '/home/zachary/oss/labs/lab-08/build/Source/Checks/Curses-build/CMakeFiles/CMakeTmp'



Determining if the function cbreak exists in the /usr/lib/x86_64-linux-gnu/libncurses.so passed with the following output:
Change Dir: /home/zachary/oss/labs/lab-08/build/Source/Checks/Curses-build/CMakeFiles/CMakeTmp

Run Build Command(s):/usr/bin/make cmTC_c5aed/fast && /usr/bin/make -f CMakeFiles/cmTC_c5aed.dir/build.make CMakeFiles/cmTC_c5aed.dir/build
make[1]: Entering directory '/home/zachary/oss/labs/lab-08/build/Source/Checks/Curses-build/CMakeFiles/CMakeTmp'
Building C object CMakeFiles/cmTC_c5aed.dir/CheckFunctionExists.c.o
/usr/bin/cc   -DCHECK_FUNCTION_EXISTS=cbreak   -o CMakeFiles/cmTC_c5aed.dir/CheckFunctionExists.c.o   -c /usr/share/cmake-3.16/Modules/CheckFunctionExists.c
Linking C executable cmTC_c5aed
/usr/bin/cmake -E cmake_link_script CMakeFiles/cmTC_c5aed.dir/link.txt --verbose=1
/usr/bin/cc  -DCHECK_FUNCTION_EXISTS=cbreak    -rdynamic CMakeFiles/cmTC_c5aed.dir/CheckFunctionExists.c.o  -o cmTC_c5aed  -lncurses 
make[1]: Leaving directory '/home/zachary/oss/labs/lab-08/build/Source/Checks/Curses-build/CMakeFiles/CMakeTmp'



